# JRE version: OpenJDK Runtime Environment (16.0.2+7) (build 16.0.2+7-67)
# Java VM: OpenJDK 64-Bit Server VM (16.0.2+7-67, mixed mode, tiered, compressed oops, compressed class ptrs, g1 gc, windows-amd64)
GC Precious Log:
 CPUs: 8 total, 8 available
 Memory: 6022M
 Large Page Support: Disabled
 NUMA Support: Disabled
 Compressed Oops: Enabled (32-bit)
 Heap Region Size: 1M
 Heap Min Capacity: 512M
 Heap Initial Capacity: 512M
 Heap Max Capacity: 1100M
 Pre-touch: Disabled
 Parallel Workers: 8
 Concurrent Workers: 2
 Concurrent Refinement Workers: 8
 Periodic GC: Disabled
Heap:
 garbage-first heap   total 524288K, used 115416K [0x00000000bb400000, 0x0000000100000000)
  region size 1024K, 106 young (108544K), 6 survivors (6144K)
 Metaspace       used 49559K, committed 49984K, reserved 1097728K
  class space    used 5764K, committed 5952K, reserved 1048576K
GC Heap History (8 events):
Event: 2.989 GC heap before
{Heap before GC invocations=0 (full 0):
 garbage-first heap   total 524288K, used 25600K [0x00000000bb400000, 0x0000000100000000)
  region size 1024K, 25 young (25600K), 0 survivors (0K)
 Metaspace       used 15573K, committed 15808K, reserved 1064960K
  class space    used 1576K, committed 1664K, reserved 1048576K
}
Event: 3.001 GC heap after
{Heap after GC invocations=1 (full 0):
 garbage-first heap   total 524288K, used 5940K [0x00000000bb400000, 0x0000000100000000)
  region size 1024K, 4 young (4096K), 4 survivors (4096K)
 Metaspace       used 15573K, committed 15808K, reserved 1064960K
  class space    used 1576K, committed 1664K, reserved 1048576K
}
Event: 3.583 GC heap before
{Heap before GC invocations=1 (full 0):
 garbage-first heap   total 524288K, used 25396K [0x00000000bb400000, 0x0000000100000000)
  region size 1024K, 24 young (24576K), 4 survivors (4096K)
 Metaspace       used 21089K, committed 21248K, reserved 1073152K
  class space    used 2245K, committed 2304K, reserved 1048576K
}
Event: 3.589 GC heap after
{Heap after GC invocations=2 (full 0):
 garbage-first heap   total 524288K, used 6812K [0x00000000bb400000, 0x0000000100000000)
  region size 1024K, 1 young (1024K), 1 survivors (1024K)
 Metaspace       used 21089K, committed 21248K, reserved 1073152K
  class space    used 2245K, committed 2304K, reserved 1048576K
}
Event: 5.615 GC heap before
{Heap before GC invocations=3 (full 0):
 garbage-first heap   total 524288K, used 61084K [0x00000000bb400000, 0x0000000100000000)
  region size 1024K, 54 young (55296K), 1 survivors (1024K)
 Metaspace       used 29556K, committed 29824K, reserved 1081344K
  class space    used 3212K, committed 3328K, reserved 1048576K
}
Event: 5.622 GC heap after
{Heap after GC invocations=4 (full 0):
 garbage-first heap   total 524288K, used 9274K [0x00000000bb400000, 0x0000000100000000)
  region size 1024K, 4 young (4096K), 4 survivors (4096K)
 Metaspace       used 29556K, committed 29824K, reserved 1081344K
  class space    used 3212K, committed 3328K, reserved 1048576K
}
Event: 8.030 GC heap before
{Heap before GC invocations=4 (full 0):
 garbage-first heap   total 524288K, used 39994K [0x00000000bb400000, 0x0000000100000000)
  region size 1024K, 35 young (35840K), 4 survivors (4096K)
 Metaspace       used 35384K, committed 35648K, reserved 1081344K
  class space    used 3969K, committed 4096K, reserved 1048576K
}
Event: 8.038 GC heap after
{Heap after GC invocations=5 (full 0):
 garbage-first heap   total 524288K, used 11992K [0x00000000bb400000, 0x0000000100000000)
  region size 1024K, 6 young (6144K), 6 survivors (6144K)
 Metaspace       used 35384K, committed 35648K, reserved 1081344K
  class space    used 3969K, committed 4096K, reserved 1048576K
}

