# JRE version: OpenJDK Runtime Environment (16.0.2+7) (build 16.0.2+7-67)
# Java VM: OpenJDK 64-Bit Server VM (16.0.2+7-67, mixed mode, tiered, compressed oops, compressed class ptrs, g1 gc, windows-amd64)
GC Precious Log:
 CPUs: 8 total, 8 available
 Memory: 6022M
 Large Page Support: Disabled
 NUMA Support: Disabled
 Compressed Oops: Enabled (32-bit)
 Heap Region Size: 1M
 Heap Min Capacity: 512M
 Heap Initial Capacity: 512M
 Heap Max Capacity: 1100M
 Pre-touch: Disabled
 Parallel Workers: 8
 Concurrent Workers: 2
 Concurrent Refinement Workers: 8
 Periodic GC: Disabled
Heap:
 garbage-first heap   total 524288K, used 127707K [0x00000000bb400000, 0x0000000100000000)
  region size 1024K, 119 young (121856K), 6 survivors (6144K)
 Metaspace       used 52737K, committed 53120K, reserved 1097728K
  class space    used 6173K, committed 6336K, reserved 1048576K
GC Heap History (8 events):
Event: 1.311 GC heap before
{Heap before GC invocations=0 (full 0):
 garbage-first heap   total 524288K, used 25600K [0x00000000bb400000, 0x0000000100000000)
  region size 1024K, 25 young (25600K), 0 survivors (0K)
 Metaspace       used 15524K, committed 15680K, reserved 1064960K
  class space    used 1574K, committed 1664K, reserved 1048576K
}
Event: 1.316 GC heap after
{Heap after GC invocations=1 (full 0):
 garbage-first heap   total 524288K, used 5762K [0x00000000bb400000, 0x0000000100000000)
  region size 1024K, 4 young (4096K), 4 survivors (4096K)
 Metaspace       used 15524K, committed 15680K, reserved 1064960K
  class space    used 1574K, committed 1664K, reserved 1048576K
}
Event: 1.577 GC heap before
{Heap before GC invocations=1 (full 0):
 garbage-first heap   total 524288K, used 26242K [0x00000000bb400000, 0x0000000100000000)
  region size 1024K, 25 young (25600K), 4 survivors (4096K)
 Metaspace       used 21004K, committed 21312K, reserved 1073152K
  class space    used 2240K, committed 2368K, reserved 1048576K
}
Event: 1.582 GC heap after
{Heap after GC invocations=2 (full 0):
 garbage-first heap   total 524288K, used 6822K [0x00000000bb400000, 0x0000000100000000)
  region size 1024K, 1 young (1024K), 1 survivors (1024K)
 Metaspace       used 21004K, committed 21312K, reserved 1073152K
  class space    used 2240K, committed 2368K, reserved 1048576K
}
Event: 2.695 GC heap before
{Heap before GC invocations=3 (full 0):
 garbage-first heap   total 524288K, used 62118K [0x00000000bb400000, 0x0000000100000000)
  region size 1024K, 55 young (56320K), 1 survivors (1024K)
 Metaspace       used 29837K, committed 30080K, reserved 1081344K
  class space    used 3249K, committed 3328K, reserved 1048576K
}
Event: 2.699 GC heap after
{Heap after GC invocations=4 (full 0):
 garbage-first heap   total 524288K, used 9370K [0x00000000bb400000, 0x0000000100000000)
  region size 1024K, 4 young (4096K), 4 survivors (4096K)
 Metaspace       used 29837K, committed 30080K, reserved 1081344K
  class space    used 3249K, committed 3328K, reserved 1048576K
}
Event: 3.912 GC heap before
{Heap before GC invocations=4 (full 0):
 garbage-first heap   total 524288K, used 39066K [0x00000000bb400000, 0x0000000100000000)
  region size 1024K, 34 young (34816K), 4 survivors (4096K)
 Metaspace       used 35394K, committed 35648K, reserved 1081344K
  class space    used 3976K, committed 4096K, reserved 1048576K
}
Event: 3.918 GC heap after
{Heap after GC invocations=5 (full 0):
 garbage-first heap   total 524288K, used 11995K [0x00000000bb400000, 0x0000000100000000)
  region size 1024K, 6 young (6144K), 6 survivors (6144K)
 Metaspace       used 35394K, committed 35648K, reserved 1081344K
  class space    used 3976K, committed 4096K, reserved 1048576K
}

